build/app/intermediates/manifest_merge_blame_file/debug/manifest-merger-blame-debug-report.txt
1<?xml version="1.0" encoding="utf-8"?>
2<manifest xmlns:android="http://schemas.android.com/apk/res/android"
3    package="com.so.miventahome"
4    android:versionCode="2"
5    android:versionName="1.1.0" >
6
7    <uses-sdk
8        android:minSdkVersion="23"
9        android:targetSdkVersion="33" />
10    <!--
11         The INTERNET permission is required for development. Specifically,
12         the Flutter tool needs it to communicate with the running application
13         to allow setting breakpoints, to provide hot reload, etc.
14    -->
15    <uses-permission android:name="android.permission.INTERNET" />
15-->src\main\AndroidManifest.xml:5:5-67
15-->src\main\AndroidManifest.xml:5:22-64
16    <uses-permission android:name="android.permission.ACCESS_NETWORK_STATE" /> <!-- Network Info -->
16-->src\main\AndroidManifest.xml:3:5-79
16-->src\main\AndroidManifest.xml:3:22-76
17    <uses-permission android:name="android.permission.ACCESS_WIFI_STATE" /> <!-- WiFI Info -->
17-->src\main\AndroidManifest.xml:7:5-76
17-->src\main\AndroidManifest.xml:7:22-73
18    <uses-permission android:name="android.permission.READ_PHONE_STATE" /> <!-- SIM Info / Phone # -->
18-->src\main\AndroidManifest.xml:9:5-75
18-->src\main\AndroidManifest.xml:9:22-72
19    <uses-permission android:name="android.permission.ACCESS_COARSE_LOCATION" /> <!-- Location Info -->
19-->src\main\AndroidManifest.xml:11:5-81
19-->src\main\AndroidManifest.xml:11:22-78
20    <uses-permission android:name="android.permission.ACCESS_FINE_LOCATION" /> <!-- Location Info -->
20-->src\main\AndroidManifest.xml:13:5-79
20-->src\main\AndroidManifest.xml:13:22-76
21    <uses-permission android:name="android.permission.USE_FINGERPRINT" />
21-->src\main\AndroidManifest.xml:15:5-74
21-->src\main\AndroidManifest.xml:15:22-71
22    <uses-permission android:name="android.permission.ACCESS_BACKGROUND_LOCATION" /> <!-- Permissions options for the `camera` group -->
22-->src\main\AndroidManifest.xml:16:5-85
22-->src\main\AndroidManifest.xml:16:22-82
23    <uses-permission android:name="android.permission.CAMERA" />
23-->src\main\AndroidManifest.xml:18:5-64
23-->src\main\AndroidManifest.xml:18:22-62
24    <uses-permission android:name="android.permission.FOREGROUND_SERVICE" />
24-->src\main\AndroidManifest.xml:19:5-76
24-->src\main\AndroidManifest.xml:19:22-74
25    <uses-permission android:name="android.permission.WAKE_LOCK" />
25-->src\main\AndroidManifest.xml:21:5-67
25-->src\main\AndroidManifest.xml:21:22-65
26
27    <uses-feature
27-->[com.google.android.gms:play-services-maps:18.1.0] AndroidManifest.xml:26:5-28:35
28        android:glEsVersion="0x00020000"
28-->[com.google.android.gms:play-services-maps:18.1.0] AndroidManifest.xml:27:9-41
29        android:required="true" />
29-->[com.google.android.gms:play-services-maps:18.1.0] AndroidManifest.xml:28:9-32
30
31    <queries>
31-->[com.google.android.gms:play-services-maps:18.1.0] AndroidManifest.xml:30:5-34:15
32
33        <!-- Needs to be explicitly declared on Android R+ -->
34        <package android:name="com.google.android.apps.maps" />
34-->[com.google.android.gms:play-services-maps:18.1.0] AndroidManifest.xml:33:9-64
34-->[com.google.android.gms:play-services-maps:18.1.0] AndroidManifest.xml:33:18-61
35    </queries>
36
37    <uses-permission android:name="android.permission.RECEIVE_BOOT_COMPLETED" />
37-->[androidx.work:work-runtime:2.7.1] AndroidManifest.xml:27:5-81
37-->[androidx.work:work-runtime:2.7.1] AndroidManifest.xml:27:22-78
38
39    <permission
39-->[androidx.core:core:1.10.1] AndroidManifest.xml:22:5-24:47
40        android:name="com.so.miventahome.DYNAMIC_RECEIVER_NOT_EXPORTED_PERMISSION"
40-->[androidx.core:core:1.10.1] AndroidManifest.xml:23:9-81
41        android:protectionLevel="signature" />
41-->[androidx.core:core:1.10.1] AndroidManifest.xml:24:9-44
42
43    <uses-permission android:name="com.so.miventahome.DYNAMIC_RECEIVER_NOT_EXPORTED_PERMISSION" />
43-->[androidx.core:core:1.10.1] AndroidManifest.xml:26:5-97
43-->[androidx.core:core:1.10.1] AndroidManifest.xml:26:22-94
44
45    <application
46        android:name="android.app.Application"
47        android:appComponentFactory="androidx.core.app.CoreComponentFactory"
47-->[androidx.core:core:1.10.1] AndroidManifest.xml:28:18-86
48        android:debuggable="true"
49        android:extractNativeLibs="false"
50        android:icon="@mipmap/ic_launcher"
51        android:label="Mi Señal" >
52        <activity
53            android:name="com.so.miventahome.MainActivity"
54            android:configChanges="orientation|keyboardHidden|keyboard|screenSize|smallestScreenSize|locale|layoutDirection|fontScale|screenLayout|density|uiMode"
55            android:exported="true"
56            android:hardwareAccelerated="true"
57            android:launchMode="singleTop"
58            android:theme="@style/LaunchTheme"
59            android:windowSoftInputMode="adjustResize" >
60
61            <!--
62                 Specifies an Android theme to apply to this Activity as soon as
63                 the Android process has started. This theme is visible to the user
64                 while the Flutter UI initializes. After that, this theme continues
65                 to determine the Window background behind the Flutter UI.
66            -->
67            <meta-data
68                android:name="io.flutter.embedding.android.NormalTheme"
69                android:resource="@style/NormalTheme" />
70
71            <intent-filter>
72                <action android:name="android.intent.action.MAIN" />
73
74                <category android:name="android.intent.category.LAUNCHER" />
75            </intent-filter>
76        </activity>
77        <!--
78             Don't delete the meta-data below.
79             This is used by the Flutter tool to generate GeneratedPluginRegistrant.java
80        -->
81        <meta-data
82            android:name="flutterEmbedding"
83            android:value="2" />
84
85        <service
85-->[:geolocator_android] AndroidManifest.xml:12:9-16:56
86            android:name="com.baseflow.geolocator.GeolocatorLocationService"
86-->[:geolocator_android] AndroidManifest.xml:13:13-77
87            android:enabled="true"
87-->[:geolocator_android] AndroidManifest.xml:14:13-35
88            android:exported="false"
88-->[:geolocator_android] AndroidManifest.xml:15:13-37
89            android:foregroundServiceType="location" />
89-->[:geolocator_android] AndroidManifest.xml:16:13-53
90
91        <provider
91-->[:image_picker_android] AndroidManifest.xml:10:9-18:20
92            android:name="io.flutter.plugins.imagepicker.ImagePickerFileProvider"
92-->[:image_picker_android] AndroidManifest.xml:11:13-82
93            android:authorities="com.so.miventahome.flutter.image_provider"
93-->[:image_picker_android] AndroidManifest.xml:12:13-74
94            android:exported="false"
94-->[:image_picker_android] AndroidManifest.xml:13:13-37
95            android:grantUriPermissions="true" >
95-->[:image_picker_android] AndroidManifest.xml:14:13-47
96            <meta-data
96-->[:image_picker_android] AndroidManifest.xml:15:13-17:75
97                android:name="android.support.FILE_PROVIDER_PATHS"
97-->[:image_picker_android] AndroidManifest.xml:16:17-67
98                android:resource="@xml/flutter_image_picker_file_paths" />
98-->[:image_picker_android] AndroidManifest.xml:17:17-72
99        </provider>
100
101        <activity
101-->[:url_launcher_android] AndroidManifest.xml:10:9-13:74
102            android:name="io.flutter.plugins.urllauncher.WebViewActivity"
102-->[:url_launcher_android] AndroidManifest.xml:11:13-74
103            android:exported="false"
103-->[:url_launcher_android] AndroidManifest.xml:12:13-37
104            android:theme="@android:style/Theme.NoTitleBar.Fullscreen" /> <!-- Needs to be explicitly declared on P+ -->
104-->[:url_launcher_android] AndroidManifest.xml:13:13-71
105        <uses-library
105-->[com.google.android.gms:play-services-maps:18.1.0] AndroidManifest.xml:39:9-41:40
106            android:name="org.apache.http.legacy"
106-->[com.google.android.gms:play-services-maps:18.1.0] AndroidManifest.xml:40:13-50
107            android:required="false" />
107-->[com.google.android.gms:play-services-maps:18.1.0] AndroidManifest.xml:41:13-37
108
109        <activity
109-->[com.google.android.gms:play-services-base:18.0.1] AndroidManifest.xml:20:9-22:45
110            android:name="com.google.android.gms.common.api.GoogleApiActivity"
110-->[com.google.android.gms:play-services-base:18.0.1] AndroidManifest.xml:20:19-85
111            android:exported="false"
111-->[com.google.android.gms:play-services-base:18.0.1] AndroidManifest.xml:22:19-43
112            android:theme="@android:style/Theme.Translucent.NoTitleBar" />
112-->[com.google.android.gms:play-services-base:18.0.1] AndroidManifest.xml:21:19-78
113
114        <meta-data
114-->[com.google.android.gms:play-services-basement:18.0.0] AndroidManifest.xml:21:9-23:69
115            android:name="com.google.android.gms.version"
115-->[com.google.android.gms:play-services-basement:18.0.0] AndroidManifest.xml:22:13-58
116            android:value="@integer/google_play_services_version" />
116-->[com.google.android.gms:play-services-basement:18.0.0] AndroidManifest.xml:23:13-66
117
118        <provider
118-->[androidx.work:work-runtime:2.7.1] AndroidManifest.xml:31:9-39:20
119            android:name="androidx.startup.InitializationProvider"
119-->[androidx.work:work-runtime:2.7.1] AndroidManifest.xml:32:13-67
120            android:authorities="com.so.miventahome.androidx-startup"
120-->[androidx.work:work-runtime:2.7.1] AndroidManifest.xml:33:13-68
121            android:exported="false" >
121-->[androidx.work:work-runtime:2.7.1] AndroidManifest.xml:34:13-37
122            <meta-data
122-->[androidx.work:work-runtime:2.7.1] AndroidManifest.xml:36:13-38:52
123                android:name="androidx.work.WorkManagerInitializer"
123-->[androidx.work:work-runtime:2.7.1] AndroidManifest.xml:37:17-68
124                android:value="androidx.startup" />
124-->[androidx.work:work-runtime:2.7.1] AndroidManifest.xml:38:17-49
125            <meta-data
125-->[androidx.profileinstaller:profileinstaller:1.3.0] AndroidManifest.xml:29:13-31:52
126                android:name="androidx.profileinstaller.ProfileInstallerInitializer"
126-->[androidx.profileinstaller:profileinstaller:1.3.0] AndroidManifest.xml:30:17-85
127                android:value="androidx.startup" />
127-->[androidx.profileinstaller:profileinstaller:1.3.0] AndroidManifest.xml:31:17-49
128        </provider>
129
130        <service
130-->[androidx.work:work-runtime:2.7.1] AndroidManifest.xml:41:9-46:35
131            android:name="androidx.work.impl.background.systemalarm.SystemAlarmService"
131-->[androidx.work:work-runtime:2.7.1] AndroidManifest.xml:42:13-88
132            android:directBootAware="false"
132-->[androidx.work:work-runtime:2.7.1] AndroidManifest.xml:43:13-44
133            android:enabled="@bool/enable_system_alarm_service_default"
133-->[androidx.work:work-runtime:2.7.1] AndroidManifest.xml:44:13-72
134            android:exported="false" />
134-->[androidx.work:work-runtime:2.7.1] AndroidManifest.xml:45:13-37
135        <service
135-->[androidx.work:work-runtime:2.7.1] AndroidManifest.xml:47:9-53:35
136            android:name="androidx.work.impl.background.systemjob.SystemJobService"
136-->[androidx.work:work-runtime:2.7.1] AndroidManifest.xml:48:13-84
137            android:directBootAware="false"
137-->[androidx.work:work-runtime:2.7.1] AndroidManifest.xml:49:13-44
138            android:enabled="@bool/enable_system_job_service_default"
138-->[androidx.work:work-runtime:2.7.1] AndroidManifest.xml:50:13-70
139            android:exported="true"
139-->[androidx.work:work-runtime:2.7.1] AndroidManifest.xml:51:13-36
140            android:permission="android.permission.BIND_JOB_SERVICE" />
140-->[androidx.work:work-runtime:2.7.1] AndroidManifest.xml:52:13-69
141        <service
141-->[androidx.work:work-runtime:2.7.1] AndroidManifest.xml:54:9-59:35
142            android:name="androidx.work.impl.foreground.SystemForegroundService"
142-->[androidx.work:work-runtime:2.7.1] AndroidManifest.xml:55:13-81
143            android:directBootAware="false"
143-->[androidx.work:work-runtime:2.7.1] AndroidManifest.xml:56:13-44
144            android:enabled="@bool/enable_system_foreground_service_default"
144-->[androidx.work:work-runtime:2.7.1] AndroidManifest.xml:57:13-77
145            android:exported="false" />
145-->[androidx.work:work-runtime:2.7.1] AndroidManifest.xml:58:13-37
146
147        <receiver
147-->[androidx.work:work-runtime:2.7.1] AndroidManifest.xml:61:9-66:35
148            android:name="androidx.work.impl.utils.ForceStopRunnable$BroadcastReceiver"
148-->[androidx.work:work-runtime:2.7.1] AndroidManifest.xml:62:13-88
149            android:directBootAware="false"
149-->[androidx.work:work-runtime:2.7.1] AndroidManifest.xml:63:13-44
150            android:enabled="true"
150-->[androidx.work:work-runtime:2.7.1] AndroidManifest.xml:64:13-35
151            android:exported="false" />
151-->[androidx.work:work-runtime:2.7.1] AndroidManifest.xml:65:13-37
152        <receiver
152-->[androidx.work:work-runtime:2.7.1] AndroidManifest.xml:67:9-77:20
153            android:name="androidx.work.impl.background.systemalarm.ConstraintProxy$BatteryChargingProxy"
153-->[androidx.work:work-runtime:2.7.1] AndroidManifest.xml:68:13-106
154            android:directBootAware="false"
154-->[androidx.work:work-runtime:2.7.1] AndroidManifest.xml:69:13-44
155            android:enabled="false"
155-->[androidx.work:work-runtime:2.7.1] AndroidManifest.xml:70:13-36
156            android:exported="false" >
156-->[androidx.work:work-runtime:2.7.1] AndroidManifest.xml:71:13-37
157            <intent-filter>
157-->[androidx.work:work-runtime:2.7.1] AndroidManifest.xml:73:13-76:29
158                <action android:name="android.intent.action.ACTION_POWER_CONNECTED" />
158-->[androidx.work:work-runtime:2.7.1] AndroidManifest.xml:74:17-87
158-->[androidx.work:work-runtime:2.7.1] AndroidManifest.xml:74:25-84
159                <action android:name="android.intent.action.ACTION_POWER_DISCONNECTED" />
159-->[androidx.work:work-runtime:2.7.1] AndroidManifest.xml:75:17-90
159-->[androidx.work:work-runtime:2.7.1] AndroidManifest.xml:75:25-87
160            </intent-filter>
161        </receiver>
162        <receiver
162-->[androidx.work:work-runtime:2.7.1] AndroidManifest.xml:78:9-88:20
163            android:name="androidx.work.impl.background.systemalarm.ConstraintProxy$BatteryNotLowProxy"
163-->[androidx.work:work-runtime:2.7.1] AndroidManifest.xml:79:13-104
164            android:directBootAware="false"
164-->[androidx.work:work-runtime:2.7.1] AndroidManifest.xml:80:13-44
165            android:enabled="false"
165-->[androidx.work:work-runtime:2.7.1] AndroidManifest.xml:81:13-36
166            android:exported="false" >
166-->[androidx.work:work-runtime:2.7.1] AndroidManifest.xml:82:13-37
167            <intent-filter>
167-->[androidx.work:work-runtime:2.7.1] AndroidManifest.xml:84:13-87:29
168                <action android:name="android.intent.action.BATTERY_OKAY" />
168-->[androidx.work:work-runtime:2.7.1] AndroidManifest.xml:85:17-77
168-->[androidx.work:work-runtime:2.7.1] AndroidManifest.xml:85:25-74
169                <action android:name="android.intent.action.BATTERY_LOW" />
169-->[androidx.work:work-runtime:2.7.1] AndroidManifest.xml:86:17-76
169-->[androidx.work:work-runtime:2.7.1] AndroidManifest.xml:86:25-73
170            </intent-filter>
171        </receiver>
172        <receiver
172-->[androidx.work:work-runtime:2.7.1] AndroidManifest.xml:89:9-99:20
173            android:name="androidx.work.impl.background.systemalarm.ConstraintProxy$StorageNotLowProxy"
173-->[androidx.work:work-runtime:2.7.1] AndroidManifest.xml:90:13-104
174            android:directBootAware="false"
174-->[androidx.work:work-runtime:2.7.1] AndroidManifest.xml:91:13-44
175            android:enabled="false"
175-->[androidx.work:work-runtime:2.7.1] AndroidManifest.xml:92:13-36
176            android:exported="false" >
176-->[androidx.work:work-runtime:2.7.1] AndroidManifest.xml:93:13-37
177            <intent-filter>
177-->[androidx.work:work-runtime:2.7.1] AndroidManifest.xml:95:13-98:29
178                <action android:name="android.intent.action.DEVICE_STORAGE_LOW" />
178-->[androidx.work:work-runtime:2.7.1] AndroidManifest.xml:96:17-83
178-->[androidx.work:work-runtime:2.7.1] AndroidManifest.xml:96:25-80
179                <action android:name="android.intent.action.DEVICE_STORAGE_OK" />
179-->[androidx.work:work-runtime:2.7.1] AndroidManifest.xml:97:17-82
179-->[androidx.work:work-runtime:2.7.1] AndroidManifest.xml:97:25-79
180            </intent-filter>
181        </receiver>
182        <receiver
182-->[androidx.work:work-runtime:2.7.1] AndroidManifest.xml:100:9-109:20
183            android:name="androidx.work.impl.background.systemalarm.ConstraintProxy$NetworkStateProxy"
183-->[androidx.work:work-runtime:2.7.1] AndroidManifest.xml:101:13-103
184            android:directBootAware="false"
184-->[androidx.work:work-runtime:2.7.1] AndroidManifest.xml:102:13-44
185            android:enabled="false"
185-->[androidx.work:work-runtime:2.7.1] AndroidManifest.xml:103:13-36
186            android:exported="false" >
186-->[androidx.work:work-runtime:2.7.1] AndroidManifest.xml:104:13-37
187            <intent-filter>
187-->[androidx.work:work-runtime:2.7.1] AndroidManifest.xml:106:13-108:29
188                <action android:name="android.net.conn.CONNECTIVITY_CHANGE" />
188-->[androidx.work:work-runtime:2.7.1] AndroidManifest.xml:107:17-79
188-->[androidx.work:work-runtime:2.7.1] AndroidManifest.xml:107:25-76
189            </intent-filter>
190        </receiver>
191        <receiver
191-->[androidx.work:work-runtime:2.7.1] AndroidManifest.xml:110:9-121:20
192            android:name="androidx.work.impl.background.systemalarm.RescheduleReceiver"
192-->[androidx.work:work-runtime:2.7.1] AndroidManifest.xml:111:13-88
193            android:directBootAware="false"
193-->[androidx.work:work-runtime:2.7.1] AndroidManifest.xml:112:13-44
194            android:enabled="false"
194-->[androidx.work:work-runtime:2.7.1] AndroidManifest.xml:113:13-36
195            android:exported="false" >
195-->[androidx.work:work-runtime:2.7.1] AndroidManifest.xml:114:13-37
196            <intent-filter>
196-->[androidx.work:work-runtime:2.7.1] AndroidManifest.xml:116:13-120:29
197                <action android:name="android.intent.action.BOOT_COMPLETED" />
197-->[androidx.work:work-runtime:2.7.1] AndroidManifest.xml:117:17-79
197-->[androidx.work:work-runtime:2.7.1] AndroidManifest.xml:117:25-76
198                <action android:name="android.intent.action.TIME_SET" />
198-->[androidx.work:work-runtime:2.7.1] AndroidManifest.xml:118:17-73
198-->[androidx.work:work-runtime:2.7.1] AndroidManifest.xml:118:25-70
199                <action android:name="android.intent.action.TIMEZONE_CHANGED" />
199-->[androidx.work:work-runtime:2.7.1] AndroidManifest.xml:119:17-81
199-->[androidx.work:work-runtime:2.7.1] AndroidManifest.xml:119:25-78
200            </intent-filter>
201        </receiver>
202        <receiver
202-->[androidx.work:work-runtime:2.7.1] AndroidManifest.xml:122:9-131:20
203            android:name="androidx.work.impl.background.systemalarm.ConstraintProxyUpdateReceiver"
203-->[androidx.work:work-runtime:2.7.1] AndroidManifest.xml:123:13-99
204            android:directBootAware="false"
204-->[androidx.work:work-runtime:2.7.1] AndroidManifest.xml:124:13-44
205            android:enabled="@bool/enable_system_alarm_service_default"
205-->[androidx.work:work-runtime:2.7.1] AndroidManifest.xml:125:13-72
206            android:exported="false" >
206-->[androidx.work:work-runtime:2.7.1] AndroidManifest.xml:126:13-37
207            <intent-filter>
207-->[androidx.work:work-runtime:2.7.1] AndroidManifest.xml:128:13-130:29
208                <action android:name="androidx.work.impl.background.systemalarm.UpdateProxies" />
208-->[androidx.work:work-runtime:2.7.1] AndroidManifest.xml:129:17-98
208-->[androidx.work:work-runtime:2.7.1] AndroidManifest.xml:129:25-95
209            </intent-filter>
210        </receiver>
211        <receiver
211-->[androidx.work:work-runtime:2.7.1] AndroidManifest.xml:132:9-142:20
212            android:name="androidx.work.impl.diagnostics.DiagnosticsReceiver"
212-->[androidx.work:work-runtime:2.7.1] AndroidManifest.xml:133:13-78
213            android:directBootAware="false"
213-->[androidx.work:work-runtime:2.7.1] AndroidManifest.xml:134:13-44
214            android:enabled="true"
214-->[androidx.work:work-runtime:2.7.1] AndroidManifest.xml:135:13-35
215            android:exported="true"
215-->[androidx.work:work-runtime:2.7.1] AndroidManifest.xml:136:13-36
216            android:permission="android.permission.DUMP" >
216-->[androidx.work:work-runtime:2.7.1] AndroidManifest.xml:137:13-57
217            <intent-filter>
217-->[androidx.work:work-runtime:2.7.1] AndroidManifest.xml:139:13-141:29
218                <action android:name="androidx.work.diagnostics.REQUEST_DIAGNOSTICS" />
218-->[androidx.work:work-runtime:2.7.1] AndroidManifest.xml:140:17-88
218-->[androidx.work:work-runtime:2.7.1] AndroidManifest.xml:140:25-85
219            </intent-filter>
220        </receiver>
221
222        <uses-library
222-->[androidx.window:window:1.0.0-beta04] AndroidManifest.xml:25:9-27:40
223            android:name="androidx.window.extensions"
223-->[androidx.window:window:1.0.0-beta04] AndroidManifest.xml:26:13-54
224            android:required="false" />
224-->[androidx.window:window:1.0.0-beta04] AndroidManifest.xml:27:13-37
225        <uses-library
225-->[androidx.window:window:1.0.0-beta04] AndroidManifest.xml:28:9-30:40
226            android:name="androidx.window.sidecar"
226-->[androidx.window:window:1.0.0-beta04] AndroidManifest.xml:29:13-51
227            android:required="false" />
227-->[androidx.window:window:1.0.0-beta04] AndroidManifest.xml:30:13-37
228
229        <receiver
229-->[androidx.profileinstaller:profileinstaller:1.3.0] AndroidManifest.xml:34:9-52:20
230            android:name="androidx.profileinstaller.ProfileInstallReceiver"
230-->[androidx.profileinstaller:profileinstaller:1.3.0] AndroidManifest.xml:35:13-76
231            android:directBootAware="false"
231-->[androidx.profileinstaller:profileinstaller:1.3.0] AndroidManifest.xml:36:13-44
232            android:enabled="true"
232-->[androidx.profileinstaller:profileinstaller:1.3.0] AndroidManifest.xml:37:13-35
233            android:exported="true"
233-->[androidx.profileinstaller:profileinstaller:1.3.0] AndroidManifest.xml:38:13-36
234            android:permission="android.permission.DUMP" >
234-->[androidx.profileinstaller:profileinstaller:1.3.0] AndroidManifest.xml:39:13-57
235            <intent-filter>
235-->[androidx.profileinstaller:profileinstaller:1.3.0] AndroidManifest.xml:40:13-42:29
236                <action android:name="androidx.profileinstaller.action.INSTALL_PROFILE" />
236-->[androidx.profileinstaller:profileinstaller:1.3.0] AndroidManifest.xml:41:17-91
236-->[androidx.profileinstaller:profileinstaller:1.3.0] AndroidManifest.xml:41:25-88
237            </intent-filter>
238            <intent-filter>
238-->[androidx.profileinstaller:profileinstaller:1.3.0] AndroidManifest.xml:43:13-45:29
239                <action android:name="androidx.profileinstaller.action.SKIP_FILE" />
239-->[androidx.profileinstaller:profileinstaller:1.3.0] AndroidManifest.xml:44:17-85
239-->[androidx.profileinstaller:profileinstaller:1.3.0] AndroidManifest.xml:44:25-82
240            </intent-filter>
241            <intent-filter>
241-->[androidx.profileinstaller:profileinstaller:1.3.0] AndroidManifest.xml:46:13-48:29
242                <action android:name="androidx.profileinstaller.action.SAVE_PROFILE" />
242-->[androidx.profileinstaller:profileinstaller:1.3.0] AndroidManifest.xml:47:17-88
242-->[androidx.profileinstaller:profileinstaller:1.3.0] AndroidManifest.xml:47:25-85
243            </intent-filter>
244            <intent-filter>
244-->[androidx.profileinstaller:profileinstaller:1.3.0] AndroidManifest.xml:49:13-51:29
245                <action android:name="androidx.profileinstaller.action.BENCHMARK_OPERATION" />
245-->[androidx.profileinstaller:profileinstaller:1.3.0] AndroidManifest.xml:50:17-95
245-->[androidx.profileinstaller:profileinstaller:1.3.0] AndroidManifest.xml:50:25-92
246            </intent-filter>
247        </receiver>
248
249        <service
249-->[androidx.room:room-runtime:2.2.5] AndroidManifest.xml:25:9-28:40
250            android:name="androidx.room.MultiInstanceInvalidationService"
250-->[androidx.room:room-runtime:2.2.5] AndroidManifest.xml:26:13-74
251            android:directBootAware="true"
251-->[androidx.room:room-runtime:2.2.5] AndroidManifest.xml:27:13-43
252            android:exported="false" />
252-->[androidx.room:room-runtime:2.2.5] AndroidManifest.xml:28:13-37
253    </application>
254
255</manifest>